2026-01-08 03:20:12.776 INFO  (main) [c: s: r: x: t:] o.e.j.s.Server jetty-10.0.26; built: 2025-08-14T15:56:56.454Z; git: 65a55c55a68c56d5f2e8232164439bd6e76e53d1; jvm 17.0.17+10
2026-01-08 03:20:12.958 WARN  (main) [c: s: r: x: t:] o.e.j.u.DeprecationWarning Using @Deprecated Class org.eclipse.jetty.servlet.listener.ELContextCleaner
2026-01-08 03:20:12.977 INFO  (main) [c: s: r: x: t:] o.a.s.s.CoreContainerProvider Using logger factory org.apache.logging.slf4j.Log4jLoggerFactory
2026-01-08 03:20:12.984 INFO  (main) [c: s: r: x: t:] o.a.s.s.CoreContainerProvider  ___      _       Welcome to Apache Solr™ version 9.10.0
2026-01-08 03:20:12.984 INFO  (main) [c: s: r: x: t:] o.a.s.s.CoreContainerProvider / __| ___| |_ _   Starting in standalone mode on port 8983
2026-01-08 03:20:12.984 INFO  (main) [c: s: r: x: t:] o.a.s.s.CoreContainerProvider \__ \/ _ \ | '_|  Install dir: /opt/solr-9.10.0
2026-01-08 03:20:12.984 INFO  (main) [c: s: r: x: t:] o.a.s.s.CoreContainerProvider |___/\___/_|_|    Start time: 2026-01-08T03:20:12.984877377Z
2026-01-08 03:20:12.986 INFO  (main) [c: s: r: x: t:] o.a.s.s.CoreContainerProvider Solr started with "-XX:+CrashOnOutOfMemoryError" that will crash on any OutOfMemoryError exception. The cause of the OOME will be logged in the crash file at the following path: /var/solr/logs/jvm_crash_12.log
2026-01-08 03:20:13.015 INFO  (main) [c: s: r: x: t:] o.a.s.s.CoreContainerProvider Solr Home: /var/solr/data (source: system property: solr.solr.home)
2026-01-08 03:20:13.031 INFO  (main) [c: s: r: x: t:] o.a.s.c.SolrXmlConfig solr.xml not found in SOLR_HOME, using built-in default
2026-01-08 03:20:13.031 INFO  (main) [c: s: r: x: t:] o.a.s.c.SolrXmlConfig Loading solr.xml from /opt/solr-9.10.0/server/solr/solr.xml
2026-01-08 03:20:13.055 INFO  (main) [c: s: r: x: t:] o.a.s.c.SolrResourceLoader Added 1 libs to classloader, from paths: [/opt/solr-9.10.0/lib]
2026-01-08 03:20:13.410 INFO  (main) [c: s: r: x: t:] o.a.s.u.t.SimplePropagator Always-on trace id generation enabled.
2026-01-08 03:20:13.603 WARN  (main) [c: s: r: x: t:] o.a.s.u.StartupLoggingUtils Jetty request logging enabled. Will retain logs for last 3 days. See chapter "Configuring Logging" in reference guide for how to configure.
2026-01-08 03:20:13.604 WARN  (main) [c: s: r: x: t:] o.a.s.c.CoreContainer Not all security plugins configured!  authentication=disabled authorization=disabled.  Solr is only as secure as you make it. Consider configuring authentication/authorization before exposing Solr to users internal or external.  See https://s.apache.org/solrsecurity for more info
2026-01-08 03:20:13.723 INFO  (main) [c: s: r: x: t:] o.a.s.c.CorePropertiesLocator Found 2 core definitions underneath /var/solr/data
2026-01-08 03:20:13.723 INFO  (main) [c: s: r: x: t:] o.a.s.c.CorePropertiesLocator Cores are: [mycore, activities]
2026-01-08 03:20:13.758 INFO  (coreLoadExecutor-13-thread-2) [c: s: r: x:activities t:] o.a.s.c.SolrConfig Using Lucene MatchVersion: 9.12.0
2026-01-08 03:20:13.760 INFO  (coreLoadExecutor-13-thread-1) [c: s: r: x:mycore t:] o.a.s.c.SolrConfig Using Lucene MatchVersion: 9.12.0
2026-01-08 03:20:13.829 INFO  (coreLoadExecutor-13-thread-1) [c: s: r: x:mycore t:] o.a.s.s.IndexSchema Schema name=default-config
2026-01-08 03:20:13.831 INFO  (coreLoadExecutor-13-thread-2) [c: s: r: x:activities t:] o.a.s.s.IndexSchema Schema name=default-config
2026-01-08 03:20:13.918 WARN  (main) [c: s: r: x: t:] o.g.j.m.i.MessagingBinders A class jakarta.activation.DataSource for a default provider MessageBodyWriter<jakarta.activation.DataSource> was not found. The provider is not available.
2026-01-08 03:20:14.116 INFO  (coreLoadExecutor-13-thread-1) [c: s: r: x:mycore t:] o.a.s.s.IndexSchema Loaded schema default-config/1.7 with uniqueid field id
2026-01-08 03:20:14.116 INFO  (coreLoadExecutor-13-thread-1) [c: s: r: x:mycore t:] o.a.s.c.CoreContainer Creating SolrCore 'mycore' using configuration from instancedir /var/solr/data/mycore, trusted=true
2026-01-08 03:20:14.117 INFO  (coreLoadExecutor-13-thread-2) [c: s: r: x:activities t:] o.a.s.s.IndexSchema Loaded schema default-config/1.7 with uniqueid field id
2026-01-08 03:20:14.117 INFO  (coreLoadExecutor-13-thread-2) [c: s: r: x:activities t:] o.a.s.c.CoreContainer Creating SolrCore 'activities' using configuration from instancedir /var/solr/data/activities, trusted=true
2026-01-08 03:20:14.135 INFO  (main) [c: s: r: x: t:] o.a.s.j.SolrRequestAuthorizer Creating a new SolrRequestAuthorizer
2026-01-08 03:20:14.155 INFO  (coreLoadExecutor-13-thread-1) [c: s: r: x:mycore t:] o.a.s.c.SolrCore Opening new SolrCore at [/var/solr/data/mycore], dataDir=[/var/solr/data/mycore/data/]
2026-01-08 03:20:14.155 INFO  (coreLoadExecutor-13-thread-2) [c: s: r: x:activities t:] o.a.s.c.SolrCore Opening new SolrCore at [/var/solr/data/activities], dataDir=[/var/solr/data/activities/data/]
2026-01-08 03:20:14.228 INFO  (main) [c: s: r: x: t:] o.e.j.s.h.ContextHandler Started o.e.j.w.WebAppContext@34abdee4{solr-jetty-context.xml,/solr,file:///opt/solr-9.10.0/server/solr-webapp/webapp/,AVAILABLE}{/opt/solr-9.10.0/server/solr-webapp/webapp}
2026-01-08 03:20:14.235 INFO  (main) [c: s: r: x: t:] o.e.j.s.RequestLogWriter Opened /var/solr/logs/2026_01_08.request.log
2026-01-08 03:20:14.240 INFO  (main) [c: s: r: x: t:] o.e.j.s.AbstractConnector Started ServerConnector@3b220bcb{HTTP/1.1, (http/1.1, h2c)}{0.0.0.0:8983}
2026-01-08 03:20:14.242 INFO  (main) [c: s: r: x: t:] o.e.j.s.Server Started Server@1de5f0ef{STARTING}[10.0.26,sto=0] @3075ms
2026-01-08 03:20:14.582 INFO  (coreLoadExecutor-13-thread-2) [c: s: r: x:activities t:] o.a.s.j.SolrRequestAuthorizer Creating a new SolrRequestAuthorizer
2026-01-08 03:20:14.585 INFO  (coreLoadExecutor-13-thread-1) [c: s: r: x:mycore t:] o.a.s.j.SolrRequestAuthorizer Creating a new SolrRequestAuthorizer
2026-01-08 03:20:14.595 INFO  (coreLoadExecutor-13-thread-2) [c: s: r: x:activities t:] o.a.s.u.UpdateHandler Using UpdateLog implementation: org.apache.solr.update.UpdateLog
2026-01-08 03:20:14.595 INFO  (coreLoadExecutor-13-thread-1) [c: s: r: x:mycore t:] o.a.s.u.UpdateHandler Using UpdateLog implementation: org.apache.solr.update.UpdateLog
2026-01-08 03:20:14.598 INFO  (coreLoadExecutor-13-thread-1) [c: s: r: x:mycore t:] o.a.s.u.UpdateLog Initializing UpdateLog: dataDir= defaultSyncLevel=FLUSH numRecordsToKeep=100 maxNumLogsToKeep=10
2026-01-08 03:20:14.598 INFO  (coreLoadExecutor-13-thread-2) [c: s: r: x:activities t:] o.a.s.u.UpdateLog Initializing UpdateLog: dataDir= defaultSyncLevel=FLUSH numRecordsToKeep=100 maxNumLogsToKeep=10
2026-01-08 03:20:14.599 INFO  (coreLoadExecutor-13-thread-1) [c: s: r: x:mycore t:] o.a.s.u.CommitTracker Hard AutoCommit: if uncommitted for 15000ms; 
2026-01-08 03:20:14.599 INFO  (coreLoadExecutor-13-thread-1) [c: s: r: x:mycore t:] o.a.s.u.CommitTracker Soft AutoCommit: if uncommitted for 3000ms; 
2026-01-08 03:20:14.599 INFO  (coreLoadExecutor-13-thread-2) [c: s: r: x:activities t:] o.a.s.u.CommitTracker Hard AutoCommit: if uncommitted for 15000ms; 
2026-01-08 03:20:14.600 INFO  (coreLoadExecutor-13-thread-2) [c: s: r: x:activities t:] o.a.s.u.CommitTracker Soft AutoCommit: if uncommitted for 3000ms; 
2026-01-08 03:20:14.661 INFO  (coreLoadExecutor-13-thread-1) [c: s: r: x:mycore t:] o.a.s.r.ManagedResourceStorage File-based storage initialized to use dir: /var/solr/data/mycore/conf
2026-01-08 03:20:14.673 INFO  (coreLoadExecutor-13-thread-1) [c: s: r: x:mycore t:] o.a.s.s.DirectSolrSpellChecker init: {accuracy=0.5, maxQueryFrequency=0.01, maxEdits=2, minPrefix=1, maxInspections=5, minQueryLength=4, name=default, field=_text_, classname=solr.DirectSolrSpellChecker, distanceMeasure=internal}
2026-01-08 03:20:14.677 INFO  (coreLoadExecutor-13-thread-1) [c: s: r: x:mycore t:] o.a.s.h.ReplicationHandler Commits will be reserved for 10000 ms
2026-01-08 03:20:14.678 INFO  (searcherExecutor-17-thread-1-processing-mycore) [c: s: r: x:mycore t:] o.a.s.c.QuerySenderListener QuerySenderListener done.
2026-01-08 03:20:14.678 INFO  (searcherExecutor-17-thread-1-processing-mycore) [c: s: r: x:mycore t:] o.a.s.h.c.SpellCheckComponent Loading spell index for spellchecker: default
2026-01-08 03:20:14.683 INFO  (searcherExecutor-17-thread-1-processing-mycore) [c: s: r: x:mycore t:] o.a.s.c.SolrCore Registered new searcher autowarm time: 0 ms
2026-01-08 03:20:14.695 INFO  (coreLoadExecutor-13-thread-2) [c: s: r: x:activities t:] o.a.s.r.ManagedResourceStorage File-based storage initialized to use dir: /var/solr/data/activities/conf
2026-01-08 03:20:14.696 INFO  (coreLoadExecutor-13-thread-2) [c: s: r: x:activities t:] o.a.s.s.DirectSolrSpellChecker init: {accuracy=0.5, maxQueryFrequency=0.01, maxEdits=2, minPrefix=1, maxInspections=5, minQueryLength=4, name=default, field=_text_, classname=solr.DirectSolrSpellChecker, distanceMeasure=internal}
2026-01-08 03:20:14.697 INFO  (coreLoadExecutor-13-thread-2) [c: s: r: x:activities t:] o.a.s.h.ReplicationHandler Commits will be reserved for 10000 ms
2026-01-08 03:20:14.697 INFO  (searcherExecutor-16-thread-1-processing-activities) [c: s: r: x:activities t:] o.a.s.c.QuerySenderListener QuerySenderListener done.
2026-01-08 03:20:14.698 INFO  (searcherExecutor-16-thread-1-processing-activities) [c: s: r: x:activities t:] o.a.s.h.c.SpellCheckComponent Loading spell index for spellchecker: default
2026-01-08 03:20:14.701 INFO  (searcherExecutor-16-thread-1-processing-activities) [c: s: r: x:activities t:] o.a.s.c.SolrCore Registered new searcher autowarm time: 0 ms
2026-01-08 03:20:24.676 INFO  (qtp369347944-25-null-1) [c: s: r: x:activities t:null-1] o.a.s.c.S.Request webapp=/solr path=/select params={q=average_heartrate_i:[*+TO+155]&rows=100&wt=json} hits=6 status=0 QTime=45
2026-01-08 03:20:24.725 INFO  (qtp369347944-19-null-2) [c: s: r: x:activities t:null-2] o.a.s.c.S.Request webapp=/solr path=/select params={q=average_heartrate_i:[*+TO+155]&rows=100&wt=json} hits=6 status=0 QTime=2
2026-01-08 03:30:34.989 INFO  (JettyShutdownThread) [c: s: r: x: t:] o.e.j.s.Server Stopped Server@1de5f0ef{STOPPING}[10.0.26,sto=0]
2026-01-08 03:30:35.047 INFO  (JettyShutdownThread) [c: s: r: x: t:] o.e.j.s.AbstractConnector Stopped ServerConnector@3b220bcb{HTTP/1.1, (http/1.1, h2c)}{0.0.0.0:8983}
2026-01-08 03:30:35.249 INFO  (JettyShutdownThread) [c: s: r: x: t:] o.a.s.c.CoreContainer Shutting down CoreContainer instance=70165127
2026-01-08 03:30:35.269 INFO  (coreCloseExecutor-27-thread-1) [c: s: r: x:mycore t:] o.a.s.c.SolrCore CLOSING SolrCore org.apache.solr.core.SolrCore@7b6ec4f mycore
2026-01-08 03:30:35.269 INFO  (coreCloseExecutor-27-thread-2) [c: s: r: x:activities t:] o.a.s.c.SolrCore CLOSING SolrCore org.apache.solr.core.SolrCore@26d4d33b activities
2026-01-08 03:30:35.275 INFO  (coreCloseExecutor-27-thread-2) [c: s: r: x:activities t:] o.a.s.m.SolrMetricManager Closing metric reporters for registry=solr.core.activities tag=SolrCore@26d4d33b
2026-01-08 03:30:35.369 INFO  (coreCloseExecutor-27-thread-1) [c: s: r: x:mycore t:] o.a.s.m.SolrMetricManager Closing metric reporters for registry=solr.core.mycore tag=SolrCore@7b6ec4f
2026-01-08 03:30:35.447 INFO  (coreCloseExecutor-27-thread-1) [c: s: r: x:mycore t:] o.a.s.u.DirectUpdateHandler2 Committing on IndexWriter.close()  ... SKIPPED (unnecessary).
2026-01-08 03:30:35.447 INFO  (coreCloseExecutor-27-thread-2) [c: s: r: x:activities t:] o.a.s.u.DirectUpdateHandler2 Committing on IndexWriter.close()  ... SKIPPED (unnecessary).
2026-01-08 03:30:35.512 INFO  (JettyShutdownThread) [c: s: r: x: t:] o.a.s.m.SolrMetricManager Closing metric reporters for registry=solr.node tag=null
2026-01-08 03:30:35.517 INFO  (JettyShutdownThread) [c: s: r: x: t:] o.a.s.m.SolrMetricManager Closing metric reporters for registry=solr.jvm tag=null
2026-01-08 03:30:35.523 INFO  (JettyShutdownThread) [c: s: r: x: t:] o.a.s.m.SolrMetricManager Closing metric reporters for registry=solr.jetty tag=null
2026-01-08 03:30:35.549 INFO  (JettyShutdownThread) [c: s: r: x: t:] o.e.j.s.h.ContextHandler Stopped o.e.j.w.WebAppContext@34abdee4{solr-jetty-context.xml,/solr,null,STOPPED}{/opt/solr-9.10.0/server/solr-webapp/webapp}
